This file contains any messages produced by compilers while
running configure, to aid debugging if configure makes a mistake.

It was created by configure, which was
generated by GNU Autoconf 2.59.  Invocation command line was

  $ ./configure --host=sparc-linux-gnu --build=sparc-linux-gnu --prefix=/usr --mandir=${prefix}/share/man --infodir=${prefix}/share/info CFLAGS=-Wall -g -O2 LDFLAGS=-Wl,-z,syms

## --------- ##
## Platform. ##
## --------- ##

hostname = nn122
uname -m = sparc64
uname -r = 2.6.16-rc5-git8
uname -s = Linux
uname -v = #2 SMP Sun Mar 5 14:38:31 CET 2006

/usr/bin/uname -p = unknown
/bin/uname -X     = unknown

/bin/arch              = sparc64
/usr/bin/arch -k       = unknown
/usr/convex/getsysinfo = unknown
hostinfo               = unknown
/bin/machine           = unknown
/usr/bin/oslevel       = unknown
/bin/universe          = unknown

PATH: /usr/local/bin
PATH: /usr/bin
PATH: /bin
PATH: /usr/bin/X11
PATH: /usr/games


## ----------- ##
## Core tests. ##
## ----------- ##

configure:1343: checking for a BSD-compatible install
configure:1398: result: /usr/bin/install -c
configure:1409: checking whether build environment is sane
configure:1452: result: yes
configure:1467: checking whether make sets $(MAKE)
configure:1487: result: yes
configure:1519: checking for working aclocal-1.4
configure:1530: result: missing
configure:1534: checking for working autoconf
configure:1541: result: found
configure:1549: checking for working automake-1.4
configure:1560: result: missing
configure:1564: checking for working autoheader
configure:1571: result: found
configure:1579: checking for working makeinfo
configure:1590: result: missing
configure:1596: checking whether to enable maintainer-specific portions of Makefiles
configure:1605: result: no
configure:1628: checking for sparc-linux-gnu-gcc
configure:1644: found /usr/bin/sparc-linux-gnu-gcc
configure:1654: result: sparc-linux-gnu-gcc
configure:1936: checking for C compiler version
configure:1939: sparc-linux-gnu-gcc --version </dev/null >&5
sparc-linux-gnu-gcc (GCC) 4.0.3 (Debian 4.0.3-1)
Copyright (C) 2006 Free Software Foundation, Inc.
This is free software; see the source for copying conditions.  There is NO
warranty; not even for MERCHANTABILITY or FITNESS FOR A PARTICULAR PURPOSE.

configure:1942: $? = 0
configure:1944: sparc-linux-gnu-gcc -v </dev/null >&5
Using built-in specs.
Target: sparc-linux-gnu
Configured with: ../src/configure -v --enable-languages=c,c++,java,f95,objc,ada,treelang --prefix=/usr --enable-shared --with-system-zlib --libexecdir=/usr/lib --without-included-gettext --enable-threads=posix --enable-nls --program-suffix=-4.0 --enable-__cxa_atexit --enable-clocale=gnu --enable-libstdcxx-debug --enable-java-awt=gtk-default --enable-gtk-cairo --with-java-home=/usr/lib/jvm/java-1.4.2-gcj-4.0-1.4.2.0/jre --enable-mpfr --disable-werror --with-cpu=v7 --enable-checking=release sparc-linux-gnu
Thread model: posix
gcc version 4.0.3 (Debian 4.0.3-1)
configure:1947: $? = 0
configure:1949: sparc-linux-gnu-gcc -V </dev/null >&5
sparc-linux-gnu-gcc: '-V' option must have argument
configure:1952: $? = 1
configure:1975: checking for C compiler default output file name
configure:1978: sparc-linux-gnu-gcc -Wall -g -O2  -Wl,-z,syms conftest.c  >&5
configure:1981: $? = 0
configure:2027: result: a.out
configure:2032: checking whether the C compiler works
configure:2038: ./a.out
configure:2041: $? = 0
configure:2058: result: yes
configure:2065: checking whether we are cross compiling
configure:2067: result: no
configure:2070: checking for suffix of executables
configure:2072: sparc-linux-gnu-gcc -o conftest -Wall -g -O2  -Wl,-z,syms conftest.c  >&5
configure:2075: $? = 0
configure:2100: result: 
configure:2106: checking for suffix of object files
configure:2127: sparc-linux-gnu-gcc -c -Wall -g -O2  conftest.c >&5
configure:2130: $? = 0
configure:2152: result: o
configure:2156: checking whether we are using the GNU C compiler
configure:2180: sparc-linux-gnu-gcc -c -Wall -g -O2  conftest.c >&5
configure:2186: $? = 0
configure:2189: test -z 			 || test ! -s conftest.err
configure:2192: $? = 0
configure:2195: test -s conftest.o
configure:2198: $? = 0
configure:2211: result: yes
configure:2217: checking whether sparc-linux-gnu-gcc accepts -g
configure:2238: sparc-linux-gnu-gcc -c -g  conftest.c >&5
configure:2244: $? = 0
configure:2247: test -z 			 || test ! -s conftest.err
configure:2250: $? = 0
configure:2253: test -s conftest.o
configure:2256: $? = 0
configure:2267: result: yes
configure:2284: checking for sparc-linux-gnu-gcc option to accept ANSI C
configure:2354: sparc-linux-gnu-gcc  -c -Wall -g -O2  conftest.c >&5
configure:2360: $? = 0
configure:2363: test -z 			 || test ! -s conftest.err
configure:2366: $? = 0
configure:2369: test -s conftest.o
configure:2372: $? = 0
configure:2390: result: none needed
configure:2408: sparc-linux-gnu-gcc -c -Wall -g -O2  conftest.c >&5
conftest.c:2: error: syntax error before 'me'
configure:2414: $? = 1
configure: failed program was:
| #ifndef __cplusplus
|   choke me
| #endif
configure:2557: checking for a BSD-compatible install
configure:2612: result: /usr/bin/install -c
configure:2626: checking for gzopen in -lz
configure:2656: sparc-linux-gnu-gcc -o conftest -Wall -g -O2  -Wl,-z,syms conftest.c -lz   >&5
configure:2662: $? = 0
configure:2665: test -z 			 || test ! -s conftest.err
configure:2668: $? = 0
configure:2671: test -s conftest
configure:2674: $? = 0
configure:2687: result: yes
configure:2703: checking for BZ2_bzCompressInit in -lbz2
configure:2733: sparc-linux-gnu-gcc -o conftest -Wall -g -O2  -Wl,-z,syms conftest.c -lbz2  -lz  >&5
configure:2739: $? = 0
configure:2742: test -z 			 || test ! -s conftest.err
configure:2745: $? = 0
configure:2748: test -s conftest
configure:2751: $? = 0
configure:2764: result: yes
configure:2779: checking for db_create in -ldb3
configure:2809: sparc-linux-gnu-gcc -o conftest -Wall -g -O2  -Wl,-z,syms conftest.c -ldb3  -lbz2 -lz  >&5
configure:2815: $? = 0
configure:2818: test -z 			 || test ! -s conftest.err
configure:2821: $? = 0
configure:2824: test -s conftest
configure:2827: $? = 0
configure:2840: result: yes
configure:2856: checking for gpgme_check_version in -lgpgme
configure:2886: sparc-linux-gnu-gcc -o conftest -Wall -g -O2  -Wl,-z,syms conftest.c -lgpgme  -ldb3 -lbz2 -lz  >&5
configure:2892: $? = 0
configure:2895: test -z 			 || test ! -s conftest.err
configure:2898: $? = 0
configure:2901: test -s conftest
configure:2904: $? = 0
configure:2917: result: yes
configure:2937: checking how to run the C preprocessor
configure:2972: sparc-linux-gnu-gcc -E  conftest.c
configure:2978: $? = 0
configure:3010: sparc-linux-gnu-gcc -E  conftest.c
conftest.c:15:28: error: ac_nonexistent.h: No such file or directory
configure:3016: $? = 1
configure: failed program was:
| /* confdefs.h.  */
| 
| #define PACKAGE_NAME ""
| #define PACKAGE_TARNAME ""
| #define PACKAGE_VERSION ""
| #define PACKAGE_STRING ""
| #define PACKAGE_BUGREPORT ""
| #define PACKAGE "reprepro"
| #define VERSION "0.8.2"
| #define HAVE_LIBZ 1
| #define HAVE_LIBBZ2 1
| #define HAVE_LIBDB3 1
| #define HAVE_LIBGPGME 1
| /* end confdefs.h.  */
| #include <ac_nonexistent.h>
configure:3055: result: sparc-linux-gnu-gcc -E
configure:3079: sparc-linux-gnu-gcc -E  conftest.c
configure:3085: $? = 0
configure:3117: sparc-linux-gnu-gcc -E  conftest.c
conftest.c:15:28: error: ac_nonexistent.h: No such file or directory
configure:3123: $? = 1
configure: failed program was:
| /* confdefs.h.  */
| 
| #define PACKAGE_NAME ""
| #define PACKAGE_TARNAME ""
| #define PACKAGE_VERSION ""
| #define PACKAGE_STRING ""
| #define PACKAGE_BUGREPORT ""
| #define PACKAGE "reprepro"
| #define VERSION "0.8.2"
| #define HAVE_LIBZ 1
| #define HAVE_LIBBZ2 1
| #define HAVE_LIBDB3 1
| #define HAVE_LIBGPGME 1
| /* end confdefs.h.  */
| #include <ac_nonexistent.h>
configure:3167: checking for egrep
configure:3177: result: grep -E
configure:3182: checking for ANSI C header files
configure:3207: sparc-linux-gnu-gcc -c -Wall -g -O2  conftest.c >&5
configure:3213: $? = 0
configure:3216: test -z 			 || test ! -s conftest.err
configure:3219: $? = 0
configure:3222: test -s conftest.o
configure:3225: $? = 0
configure:3314: sparc-linux-gnu-gcc -o conftest -Wall -g -O2  -Wl,-z,syms conftest.c -lgpgme -ldb3 -lbz2 -lz  >&5
conftest.c: In function 'main':
conftest.c:32: warning: implicit declaration of function 'exit'
conftest.c:32: warning: incompatible implicit declaration of built-in function 'exit'

## ---------------- ##
## Cache variables. ##
## ---------------- ##

ac_cv_c_compiler_gnu=yes
ac_cv_env_CC_set=
ac_cv_env_CC_value=
ac_cv_env_CFLAGS_set=set
ac_cv_env_CFLAGS_value='-Wall -g -O2'
ac_cv_env_CPPFLAGS_set=
ac_cv_env_CPPFLAGS_value=
ac_cv_env_CPP_set=
ac_cv_env_CPP_value=
ac_cv_env_LDFLAGS_set=set
ac_cv_env_LDFLAGS_value=-Wl,-z,syms
ac_cv_env_build_alias_set=set
ac_cv_env_build_alias_value=sparc-linux-gnu
ac_cv_env_host_alias_set=set
ac_cv_env_host_alias_value=sparc-linux-gnu
ac_cv_env_target_alias_set=
ac_cv_env_target_alias_value=
ac_cv_exeext=
ac_cv_header_stdc=yes
ac_cv_lib_bz2_BZ2_bzCompressInit=yes
ac_cv_lib_db3_db_create=yes
ac_cv_lib_gpgme_gpgme_check_version=yes
ac_cv_lib_z_gzopen=yes
ac_cv_objext=o
ac_cv_path_install='/usr/bin/install -c'
ac_cv_prog_CC=sparc-linux-gnu-gcc
ac_cv_prog_CPP='sparc-linux-gnu-gcc -E'
ac_cv_prog_cc_g=yes
ac_cv_prog_cc_stdc=
ac_cv_prog_egrep='grep -E'
ac_cv_prog_make_make_set=yes

## ----------------- ##
## Output variables. ##
## ----------------- ##

ACLOCAL='/home/brl/debian/reprepro-0.8.2/missing aclocal-1.4'
AUTOCONF='autoconf'
AUTOHEADER='autoheader'
AUTOMAKE='/home/brl/debian/reprepro-0.8.2/missing automake-1.4'
CC='sparc-linux-gnu-gcc'
CFLAGS='-Wall -g -O2'
CPP='sparc-linux-gnu-gcc -E'
CPPFLAGS=''
DEBUG_FALSE=''
DEBUG_TRUE=''
DEFS=''
ECHO_C=''
ECHO_N='-n'
ECHO_T=''
EGREP='grep -E'
EXEEXT=''
INSTALL_DATA='${INSTALL} -m 644'
INSTALL_PROGRAM='${INSTALL}'
INSTALL_SCRIPT='${INSTALL}'
LDFLAGS='-Wl,-z,syms'
LIBOBJS=''
LIBS='-lgpgme -ldb3 -lbz2 -lz '
LTLIBOBJS=''
MAINT='#'
MAINTAINER_MODE_FALSE=''
MAINTAINER_MODE_TRUE='#'
MAKEINFO='/home/brl/debian/reprepro-0.8.2/missing makeinfo'
OBJEXT='o'
PACKAGE='reprepro'
PACKAGE_BUGREPORT=''
PACKAGE_NAME=''
PACKAGE_STRING=''
PACKAGE_TARNAME=''
PACKAGE_VERSION=''
PATH_SEPARATOR=':'
SET_MAKE=''
SHELL='/bin/sh'
VERSION='0.8.2'
ac_ct_CC=''
bindir='${exec_prefix}/bin'
build_alias='sparc-linux-gnu'
datadir='${prefix}/share'
exec_prefix='NONE'
host_alias='sparc-linux-gnu'
includedir='${prefix}/include'
infodir='${prefix}/share/info'
libdir='${exec_prefix}/lib'
libexecdir='${exec_prefix}/libexec'
localstatedir='${prefix}/var'
mandir='${prefix}/share/man'
oldincludedir='/usr/include'
prefix='/usr'
program_transform_name='s,x,x,'
sbindir='${exec_prefix}/sbin'
sharedstatedir='${prefix}/com'
sysconfdir='${prefix}/etc'
target_alias=''

## ----------- ##
## confdefs.h. ##
## ----------- ##

#define HAVE_LIBBZ2 1
#define HAVE_LIBDB3 1
#define HAVE_LIBGPGME 1
#define HAVE_LIBZ 1
#define PACKAGE "reprepro"
#define PACKAGE_BUGREPORT ""
#define PACKAGE_NAME ""
#define PACKAGE_STRING ""
#define PACKAGE_TARNAME ""
#define PACKAGE_VERSION ""
#define VERSION "0.8.2"

configure: caught signal 2
configure: exit 1
